<?xml version="1.0" encoding="UTF-8"?>
<testsuite name="edu.jsu.mcis.ArgsParserTests" tests="1" skipped="0" failures="0" errors="0" timestamp="2015-09-24T15:28:38" hostname="MSI" time="0.003">
  <properties/>
  <testcase name="ParseStringToFloat" classname="edu.jsu.mcis.ArgsParserTests" time="0.003"/>
  <system-out><![CDATA[]]></system-out>
  <system-err><![CDATA[]]></system-err>
</testsuite>
